/Users/jianjunchu/workspace/etl/etl_designer_2.0/distrib
INFO  19-03 21:11:19,995 - 傲飞数据整合工具-作业设计器 - Logging goes tofile:///var/folders/35/ppns68197cd0yftz0913l4vc0000gn/T/spoon_03d0d3b3-2b77-11e8-89e6-b1301f7e6885.log
INFO  19-03 21:11:20,904 - 傲飞数据整合工具-作业设计器 - 要求资源库
ERROR 19-03 21:11:21,608 - !RepositoryLoginDialog.ErrorLoadingXulApplication!
org.pentaho.ui.xul.XulException: org.pentaho.ui.xul.XulException: java.lang.reflect.InvocationTargetException
	at org.pentaho.ui.xul.impl.AbstractXulLoader.loadXul(AbstractXulLoader.java:127)
	at org.pentaho.ui.xul.swt.SwtXulLoader.loadXul(SwtXulLoader.java:112)
	at org.pentaho.ui.xul.swt.SwtXulLoader.loadXul(SwtXulLoader.java:106)
	at org.pentaho.ui.xul.impl.AbstractXulLoader.loadXul(AbstractXulLoader.java:240)
	at org.pentaho.di.ui.repository.RepositoriesDialog.<init>(RepositoriesDialog.java:72)
	at org.pentaho.di.ui.spoon.Spoon.selectRep(Spoon.java:7052)
	at org.pentaho.di.ui.spoon.Spoon.start(Spoon.java:7240)
	at org.pentaho.di.ui.spoon.Spoon.main(Spoon.java:578)
Caused by: org.pentaho.ui.xul.XulException: java.lang.reflect.InvocationTargetException
	at org.pentaho.ui.xul.impl.XulParser.getElement(XulParser.java:223)
	at org.pentaho.ui.xul.impl.XulParser.parse(XulParser.java:149)
	at org.pentaho.ui.xul.impl.XulParser.parseDocument(XulParser.java:70)
	at org.pentaho.ui.xul.impl.AbstractXulLoader.loadXul(AbstractXulLoader.java:119)
	... 7 more
Caused by: java.lang.reflect.InvocationTargetException
	at java.base/jdk.internal.reflect.NativeMethodAccessorImpl.invoke0(Native Method)
	at java.base/jdk.internal.reflect.NativeMethodAccessorImpl.invoke(NativeMethodAccessorImpl.java:62)
	at java.base/jdk.internal.reflect.DelegatingMethodAccessorImpl.invoke(DelegatingMethodAccessorImpl.java:43)
	at java.base/java.lang.reflect.Method.invoke(Method.java:564)
	at org.apache.commons.beanutils.PropertyUtilsBean.invokeMethod(PropertyUtilsBean.java:2155)
	at org.apache.commons.beanutils.PropertyUtilsBean.setSimpleProperty(PropertyUtilsBean.java:2141)
	at org.apache.commons.beanutils.PropertyUtilsBean.setNestedProperty(PropertyUtilsBean.java:1948)
	at org.apache.commons.beanutils.PropertyUtilsBean.setProperty(PropertyUtilsBean.java:2054)
	at org.apache.commons.beanutils.BeanUtilsBean.setProperty(BeanUtilsBean.java:1015)
	at org.apache.commons.beanutils.BeanUtilsBean.populate(BeanUtilsBean.java:830)
	at org.apache.commons.beanutils.BeanUtils.populate(BeanUtils.java:433)
	at org.pentaho.ui.xul.impl.XulParser.getElement(XulParser.java:219)
	... 10 more
Caused by: java.lang.ClassCastException: java.base/[Ljava.lang.Object; cannot be cast to java.base/[Ljava.lang.String;
	at org.pentaho.ui.xul.swt.tags.SwtDialog.setButtons(SwtDialog.java:254)
	... 22 more
ERROR 19-03 21:11:21,613 - 傲飞数据整合工具-作业设计器 - Fatal error : java.lang.NullPointerException
ERROR 19-03 21:11:21,613 - 傲飞数据整合工具-作业设计器 - java.lang.NullPointerException
	at org.pentaho.di.ui.repository.controllers.RepositoriesController.show(RepositoriesController.java:197)
	at org.pentaho.di.ui.repository.RepositoriesDialog.show(RepositoriesDialog.java:102)
	at org.pentaho.di.ui.spoon.Spoon.selectRep(Spoon.java:7074)
	at org.pentaho.di.ui.spoon.Spoon.start(Spoon.java:7240)
	at org.pentaho.di.ui.spoon.Spoon.main(Spoon.java:578)

